<?xml version="1.0" encoding="UTF-8"?>
<robot generator="Robot 3.0.2 (Jython 2.7.0 on java1.8.0_05)" generated="20170619 19:09:19.121">
<suite source="D:\projects\com_projects\robot_framework\project_0" name="Project 0" id="s1">
<suite source="D:\projects\com_projects\robot_framework\project_0\src" name="Src" id="s1-s1">
<suite source="D:\projects\com_projects\robot_framework\project_0\src\test" name="Test" id="s1-s1-s1">
<suite source="D:\projects\com_projects\robot_framework\project_0\src\test\robotframework" name="Robotframework" id="s1-s1-s1-s1">
<suite source="D:\projects\com_projects\robot_framework\project_0\src\test\robotframework\acceptance" name="Acceptance" id="s1-s1-s1-s1-s1">
<suite source="D:\projects\com_projects\robot_framework\project_0\src\test\robotframework\acceptance\test_0.robot" name="Test 0" id="s1-s1-s1-s1-s1-s1">
<test name="Test addition method" id="s1-s1-s1-s1-s1-s1-t1">
<kw library="com.robotframework.Demo" name="Addition">
<arguments>
<arg>9</arg>
<arg>9</arg>
</arguments>
<assign>
<var>${sum}</var>
</assign>
<msg level="INFO" timestamp="20170619 19:09:20.113">${sum} = 18</msg>
<status endtime="20170619 19:09:20.118" starttime="20170619 19:09:20.102" status="PASS"></status>
</kw>
<kw library="BuiltIn" name="Run Keyword If">
<doc>Runs the given keyword with the given arguments, if ``condition`` is true.</doc>
<arguments>
<arg>'${sum}' == '18'</arg>
<arg>Log</arg>
<arg>"Test passed"</arg>
</arguments>
<kw library="BuiltIn" name="Log">
<doc>Logs the given message with the given level.</doc>
<arguments>
<arg>"Test passed"</arg>
</arguments>
<msg level="INFO" timestamp="20170619 19:09:20.175">"Test passed"</msg>
<status endtime="20170619 19:09:20.182" starttime="20170619 19:09:20.164" status="PASS"></status>
</kw>
<status endtime="20170619 19:09:20.186" starttime="20170619 19:09:20.125" status="PASS"></status>
</kw>
<status critical="yes" endtime="20170619 19:09:20.192" starttime="20170619 19:09:20.089" status="PASS"></status>
</test>
<test name="Test division method for pass" id="s1-s1-s1-s1-s1-s1-t2">
<kw library="com.robotframework.Demo" name="Division">
<arguments>
<arg>4</arg>
<arg>2</arg>
</arguments>
<assign>
<var>${div}</var>
</assign>
<msg level="INFO" timestamp="20170619 19:09:20.220">${div} = 2.0</msg>
<status endtime="20170619 19:09:20.223" starttime="20170619 19:09:20.213" status="PASS"></status>
</kw>
<kw library="BuiltIn" name="Run Keyword If">
<doc>Runs the given keyword with the given arguments, if ``condition`` is true.</doc>
<arguments>
<arg>'${div}' == '2.0'</arg>
<arg>Log</arg>
<arg>"Test passed"</arg>
</arguments>
<kw library="BuiltIn" name="Log">
<doc>Logs the given message with the given level.</doc>
<arguments>
<arg>"Test passed"</arg>
</arguments>
<msg level="INFO" timestamp="20170619 19:09:20.244">"Test passed"</msg>
<status endtime="20170619 19:09:20.247" starttime="20170619 19:09:20.237" status="PASS"></status>
</kw>
<status endtime="20170619 19:09:20.252" starttime="20170619 19:09:20.227" status="PASS"></status>
</kw>
<status critical="yes" endtime="20170619 19:09:20.257" starttime="20170619 19:09:20.201" status="PASS"></status>
</test>
<test name="Test division method for fail" id="s1-s1-s1-s1-s1-s1-t3">
<kw library="com.robotframework.Demo" name="Division">
<arguments>
<arg>4</arg>
<arg>0</arg>
</arguments>
<assign>
<var>${div}</var>
</assign>
<msg level="INFO" timestamp="20170619 19:09:20.288">${div} = / by zero</msg>
<status endtime="20170619 19:09:20.292" starttime="20170619 19:09:20.279" status="PASS"></status>
</kw>
<kw library="BuiltIn" name="Run Keyword If">
<doc>Runs the given keyword with the given arguments, if ``condition`` is true.</doc>
<arguments>
<arg>'${div}' == '${/zero}'</arg>
<arg>Log</arg>
<arg>"Test passed! Division by zero exception"</arg>
</arguments>
<status endtime="20170619 19:09:20.317" starttime="20170619 19:09:20.298" status="PASS"></status>
</kw>
<status critical="yes" endtime="20170619 19:09:20.333" starttime="20170619 19:09:20.272" status="PASS"></status>
</test>
<test name="Test count method" id="s1-s1-s1-s1-s1-s1-t4">
<kw library="com.robotframework.Demo" name="Count">
<arguments>
<arg>4</arg>
<arg>6</arg>
</arguments>
<assign>
<var>${count}</var>
</assign>
<msg level="INFO" timestamp="20170619 19:09:20.366">${count} = -2</msg>
<status endtime="20170619 19:09:20.369" starttime="20170619 19:09:20.354" status="PASS"></status>
</kw>
<kw library="BuiltIn" name="Run Keyword If">
<doc>Runs the given keyword with the given arguments, if ``condition`` is true.</doc>
<arguments>
<arg>'${count}' == '-2'</arg>
<arg>Log</arg>
<arg>"Test passed"</arg>
</arguments>
<kw library="BuiltIn" name="Log">
<doc>Logs the given message with the given level.</doc>
<arguments>
<arg>"Test passed"</arg>
</arguments>
<msg level="INFO" timestamp="20170619 19:09:20.394">"Test passed"</msg>
<status endtime="20170619 19:09:20.398" starttime="20170619 19:09:20.384" status="PASS"></status>
</kw>
<status endtime="20170619 19:09:20.401" starttime="20170619 19:09:20.373" status="PASS"></status>
</kw>
<status critical="yes" endtime="20170619 19:09:20.406" starttime="20170619 19:09:20.341" status="PASS"></status>
</test>
<status endtime="20170619 19:09:20.414" starttime="20170619 19:09:20.011" status="PASS"></status>
</suite>
<suite source="D:\projects\com_projects\robot_framework\project_0\src\test\robotframework\acceptance\test_1.robot" name="Test 1" id="s1-s1-s1-s1-s1-s2">
<test name="Test create deivce method for pass" id="s1-s1-s1-s1-s1-s2-t1">
<kw library="com.robotframework.Device" name="Create Device">
<arguments>
<arg>QWSE1</arg>
<arg>8080</arg>
</arguments>
<assign>
<var>${dev_0}</var>
</assign>
<msg level="INFO" timestamp="20170619 19:09:20.510">${dev_0} = [QWSE1/8080] created</msg>
<status endtime="20170619 19:09:20.514" starttime="20170619 19:09:20.500" status="PASS"></status>
</kw>
<kw library="BuiltIn" name="Run Keyword If">
<doc>Runs the given keyword with the given arguments, if ``condition`` is true.</doc>
<arguments>
<arg>'${dev_0}' == '[QWSE1/8080] created'</arg>
<arg>Log</arg>
<arg>"Test passed"</arg>
</arguments>
<kw library="BuiltIn" name="Log">
<doc>Logs the given message with the given level.</doc>
<arguments>
<arg>"Test passed"</arg>
</arguments>
<msg level="INFO" timestamp="20170619 19:09:20.532">"Test passed"</msg>
<status endtime="20170619 19:09:20.536" starttime="20170619 19:09:20.528" status="PASS"></status>
</kw>
<status endtime="20170619 19:09:20.539" starttime="20170619 19:09:20.519" status="PASS"></status>
</kw>
<status critical="yes" endtime="20170619 19:09:20.543" starttime="20170619 19:09:20.493" status="PASS"></status>
</test>
<test name="Test create deivce method for fail" id="s1-s1-s1-s1-s1-s2-t2">
<kw library="com.robotframework.Device" name="Create Device">
<arguments>
<arg>1010</arg>
<arg>8080</arg>
</arguments>
<assign>
<var>${dev_1}</var>
</assign>
<msg level="INFO" timestamp="20170619 19:09:20.573">${dev_1} = Invalid type arguments</msg>
<status endtime="20170619 19:09:20.576" starttime="20170619 19:09:20.567" status="PASS"></status>
</kw>
<kw library="BuiltIn" name="Run Keyword If">
<doc>Runs the given keyword with the given arguments, if ``condition`` is true.</doc>
<arguments>
<arg>'${dev_1}' == "Invalid type arguments"</arg>
<arg>Log</arg>
<arg>"Test passed! Happen an exceptions"</arg>
</arguments>
<kw library="BuiltIn" name="Log">
<doc>Logs the given message with the given level.</doc>
<arguments>
<arg>"Test passed! Happen an exceptions"</arg>
</arguments>
<msg level="INFO" timestamp="20170619 19:09:20.595">"Test passed! Happen an exceptions"</msg>
<status endtime="20170619 19:09:20.599" starttime="20170619 19:09:20.590" status="PASS"></status>
</kw>
<status endtime="20170619 19:09:20.605" starttime="20170619 19:09:20.581" status="PASS"></status>
</kw>
<status critical="yes" endtime="20170619 19:09:20.616" starttime="20170619 19:09:20.549" status="PASS"></status>
</test>
<test name="Test delete deivce method for pass" id="s1-s1-s1-s1-s1-s2-t3">
<kw library="com.robotframework.Device" name="Delete Device">
<arguments>
<arg>QWSE2</arg>
<arg>8080</arg>
</arguments>
<assign>
<var>${dev_2}</var>
</assign>
<msg level="INFO" timestamp="20170619 19:09:20.644">${dev_2} = [QWSE2/8080] deleted</msg>
<status endtime="20170619 19:09:20.647" starttime="20170619 19:09:20.631" status="PASS"></status>
</kw>
<kw library="BuiltIn" name="Run Keyword If">
<doc>Runs the given keyword with the given arguments, if ``condition`` is true.</doc>
<arguments>
<arg>'${dev_2}' == '[QWSE2/8080] deleted'</arg>
<arg>Log</arg>
<arg>"Test passed"</arg>
</arguments>
<kw library="BuiltIn" name="Log">
<doc>Logs the given message with the given level.</doc>
<arguments>
<arg>"Test passed"</arg>
</arguments>
<msg level="INFO" timestamp="20170619 19:09:20.666">"Test passed"</msg>
<status endtime="20170619 19:09:20.671" starttime="20170619 19:09:20.661" status="PASS"></status>
</kw>
<status endtime="20170619 19:09:20.677" starttime="20170619 19:09:20.651" status="PASS"></status>
</kw>
<status critical="yes" endtime="20170619 19:09:20.681" starttime="20170619 19:09:20.622" status="PASS"></status>
</test>
<test name="Test delete deivce method for fail" id="s1-s1-s1-s1-s1-s2-t4">
<kw library="com.robotframework.Device" name="Delete Device">
<arguments>
<arg>1011</arg>
<arg>8080</arg>
</arguments>
<assign>
<var>${dev_1}</var>
</assign>
<msg level="INFO" timestamp="20170619 19:09:20.698">${dev_1} = Invalid type arguments</msg>
<status endtime="20170619 19:09:20.702" starttime="20170619 19:09:20.691" status="PASS"></status>
</kw>
<kw library="BuiltIn" name="Run Keyword If">
<doc>Runs the given keyword with the given arguments, if ``condition`` is true.</doc>
<arguments>
<arg>'${dev_1}' == "Invalid type arguments"</arg>
<arg>Log</arg>
<arg>"Test passed! Happen an exceptions"</arg>
</arguments>
<kw library="BuiltIn" name="Log">
<doc>Logs the given message with the given level.</doc>
<arguments>
<arg>"Test passed! Happen an exceptions"</arg>
</arguments>
<msg level="INFO" timestamp="20170619 19:09:20.719">"Test passed! Happen an exceptions"</msg>
<status endtime="20170619 19:09:20.722" starttime="20170619 19:09:20.715" status="PASS"></status>
</kw>
<status endtime="20170619 19:09:20.725" starttime="20170619 19:09:20.707" status="PASS"></status>
</kw>
<status critical="yes" endtime="20170619 19:09:20.729" starttime="20170619 19:09:20.686" status="PASS"></status>
</test>
<test name="Test get all deivce method for pass" id="s1-s1-s1-s1-s1-s2-t5">
<kw library="com.robotframework.Device" name="Create Device">
<arguments>
<arg>QWSE1</arg>
<arg>8080</arg>
</arguments>
<status endtime="20170619 19:09:20.750" starttime="20170619 19:09:20.743" status="PASS"></status>
</kw>
<kw library="com.robotframework.Device" name="Get All Device Name">
<assign>
<var>${dev_3}</var>
</assign>
<msg level="INFO" timestamp="20170619 19:09:20.758">${dev_3} = [QWSE1/8080]</msg>
<status endtime="20170619 19:09:20.762" starttime="20170619 19:09:20.753" status="PASS"></status>
</kw>
<kw library="BuiltIn" name="Run Keyword If">
<doc>Runs the given keyword with the given arguments, if ``condition`` is true.</doc>
<arguments>
<arg>'${dev_3}' == '[QWSE1/8080]'</arg>
<arg>Log</arg>
<arg>"Test passed"</arg>
</arguments>
<kw library="BuiltIn" name="Log">
<doc>Logs the given message with the given level.</doc>
<arguments>
<arg>"Test passed"</arg>
</arguments>
<msg level="INFO" timestamp="20170619 19:09:20.776">"Test passed"</msg>
<status endtime="20170619 19:09:20.779" starttime="20170619 19:09:20.772" status="PASS"></status>
</kw>
<status endtime="20170619 19:09:20.783" starttime="20170619 19:09:20.766" status="PASS"></status>
</kw>
<status critical="yes" endtime="20170619 19:09:20.785" starttime="20170619 19:09:20.736" status="PASS"></status>
</test>
<test name="Test get deivce method for fail" id="s1-s1-s1-s1-s1-s2-t6">
<kw library="com.robotframework.Device" name="Create Device">
<arguments>
<arg>"QWSE4"</arg>
<arg>0</arg>
</arguments>
<status endtime="20170619 19:09:20.804" starttime="20170619 19:09:20.798" status="PASS"></status>
</kw>
<kw library="com.robotframework.Device" name="Get All Device Name">
<assign>
<var>${dev_4}</var>
</assign>
<msg level="INFO" timestamp="20170619 19:09:20.812">${dev_4} = Empty device list</msg>
<status endtime="20170619 19:09:20.814" starttime="20170619 19:09:20.807" status="PASS"></status>
</kw>
<kw library="BuiltIn" name="Run Keyword If">
<doc>Runs the given keyword with the given arguments, if ``condition`` is true.</doc>
<arguments>
<arg>'${dev_4}' == 'Empty device list'</arg>
<arg>Log</arg>
<arg>"Test passed! Happen an exceptions"</arg>
</arguments>
<kw library="BuiltIn" name="Log">
<doc>Logs the given message with the given level.</doc>
<arguments>
<arg>"Test passed! Happen an exceptions"</arg>
</arguments>
<msg level="INFO" timestamp="20170619 19:09:20.829">"Test passed! Happen an exceptions"</msg>
<status endtime="20170619 19:09:20.834" starttime="20170619 19:09:20.825" status="PASS"></status>
</kw>
<status endtime="20170619 19:09:20.837" starttime="20170619 19:09:20.817" status="PASS"></status>
</kw>
<status critical="yes" endtime="20170619 19:09:20.840" starttime="20170619 19:09:20.792" status="PASS"></status>
</test>
<status endtime="20170619 19:09:20.847" starttime="20170619 19:09:20.429" status="PASS"></status>
</suite>
<suite source="D:\projects\com_projects\robot_framework\project_0\src\test\robotframework\acceptance\test_4.robot" name="Test 4" id="s1-s1-s1-s1-s1-s3">
<test name="Test Selenium2Library" id="s1-s1-s1-s1-s1-s3-t1">
<kw library="Selenium2Library" name="Open Browser">
<doc>Opens a new browser instance to given URL.</doc>
<arguments>
<arg>https://youtube.com</arg>
<arg>Frirefox</arg>
</arguments>
<msg level="INFO" timestamp="20170619 19:09:23.478">Opening browser 'Frirefox' to base url 'https://youtube.com'</msg>
<kw library="Selenium2Library" name="Capture Page Screenshot">
<doc>Takes a screenshot of the current page and embeds it into the log.</doc>
<msg level="FAIL" timestamp="20170619 19:09:23.519">No browser is open</msg>
<status endtime="20170619 19:09:23.525" starttime="20170619 19:09:23.483" status="FAIL"></status>
</kw>
<msg level="WARN" timestamp="20170619 19:09:23.529">Keyword 'Capture Page Screenshot' could not be run on failure: No browser is open</msg>
<msg level="FAIL" timestamp="20170619 19:09:23.537">ValueError: Frirefox is not a supported browser.</msg>
<status endtime="20170619 19:09:23.541" starttime="20170619 19:09:23.473" status="FAIL"></status>
</kw>
<status critical="yes" endtime="20170619 19:09:23.546" starttime="20170619 19:09:23.465" status="FAIL">ValueError: Frirefox is not a supported browser.</status>
</test>
<status endtime="20170619 19:09:23.553" starttime="20170619 19:09:20.861" status="FAIL"></status>
</suite>
<status endtime="20170619 19:09:23.572" starttime="20170619 19:09:19.961" status="FAIL"></status>
</suite>
<status endtime="20170619 19:09:23.589" starttime="20170619 19:09:19.932" status="FAIL"></status>
</suite>
<status endtime="20170619 19:09:23.627" starttime="20170619 19:09:19.904" status="FAIL"></status>
</suite>
<status endtime="20170619 19:09:23.661" starttime="20170619 19:09:19.873" status="FAIL"></status>
</suite>
<status endtime="20170619 19:09:23.676" starttime="20170619 19:09:19.510" status="FAIL"></status>
</suite>
<statistics>
<total>
<stat pass="10" fail="1">Critical Tests</stat>
<stat pass="10" fail="1">All Tests</stat>
</total>
<tag>
</tag>
<suite>
<stat pass="10" fail="1" name="Project 0" id="s1">Project 0</stat>
<stat pass="10" fail="1" name="Src" id="s1-s1">Project 0.Src</stat>
<stat pass="10" fail="1" name="Test" id="s1-s1-s1">Project 0.Src.Test</stat>
<stat pass="10" fail="1" name="Robotframework" id="s1-s1-s1-s1">Project 0.Src.Test.Robotframework</stat>
<stat pass="10" fail="1" name="Acceptance" id="s1-s1-s1-s1-s1">Project 0.Src.Test.Robotframework.Acceptance</stat>
<stat pass="4" fail="0" name="Test 0" id="s1-s1-s1-s1-s1-s1">Project 0.Src.Test.Robotframework.Acceptance.Test 0</stat>
<stat pass="6" fail="0" name="Test 1" id="s1-s1-s1-s1-s1-s2">Project 0.Src.Test.Robotframework.Acceptance.Test 1</stat>
<stat pass="0" fail="1" name="Test 4" id="s1-s1-s1-s1-s1-s3">Project 0.Src.Test.Robotframework.Acceptance.Test 4</stat>
</suite>
</statistics>
<errors>
<msg level="WARN" timestamp="20170619 19:09:23.529">Keyword 'Capture Page Screenshot' could not be run on failure: No browser is open</msg>
</errors>
</robot>
